0 info it worked if it ends with ok
1 verbose cli [ 'node', '/usr/local/bin/npm', 'update' ]
2 info using npm@1.4.13
3 info using node@v0.10.28
4 verbose node symlink /usr/local/bin/node
5 info outdated updating undefined
6 error Failed to parse json
6 error Unexpected end of input
7 error File: /Users/Peter/Dev Code Git/scrummy/node_modules/grunt-contrib-copy/package.json
8 error Failed to parse package.json data.
8 error package.json must be actual JSON, not just JavaScript.
8 error
8 error This is not a bug in npm.
8 error Tell the package author to fix their package.json file. JSON.parse
9 error System Darwin 13.4.0
10 error command "node" "/usr/local/bin/npm" "update"
11 error cwd /Users/Peter/Dev Code Git/scrummy
12 error node -v v0.10.28
13 error npm -v 1.4.13
14 error file /Users/Peter/Dev Code Git/scrummy/node_modules/grunt-contrib-copy/package.json
15 error code EJSONPARSE
16 verbose exit [ 1, true ]
